2025-05-31T18:42:25.584Z [32minfo[39m: Server running in undefined mode on port 5000
2025-05-31T18:42:55.034Z [32minfo[39m: Server running in undefined mode on port 5000
2025-05-31T18:43:24.125Z [31merror[39m: Error: Not authorized to access this route
    at exports.protect (C:\Users\Credoit_04\Desktop\Inventory Management\backend\middlewares\auth.js:26:17)
    at process.processTicksAndRejections (node:internal/process/task_queues:95:5)
{"level":"info","message":"Server running in undefined mode on port 5000","timestamp":"2025-05-31T18:45:10.903Z"}
{"level":"info","message":"Server running in undefined mode on port 5000","timestamp":"2025-05-31T18:45:25.303Z"}
{"level":"warn","message":"Mongoose disconnected","timestamp":"2025-05-31T18:45:55.188Z"}
{"level":"info","message":"Server running in development mode on port 5000","timestamp":"2025-05-31T18:46:52.129Z"}
{"level":"warn","message":"Mongoose disconnected","timestamp":"2025-05-31T18:47:22.033Z"}
{"level":"debug","message":"Attempting to establish MongoDB connection...","timestamp":"2025-05-31T18:52:49.809Z"}
{"level":"info","message":"Server running in development mode on port 5000","timestamp":"2025-05-31T18:52:49.992Z"}
{"level":"info","message":"MongoDB Connected: localhost","timestamp":"2025-05-31T18:52:50.016Z"}
{"level":"info","message":"Server running in undefined mode on port 5000","timestamp":"2025-06-01T05:18:46.031Z"}
{"level":"info","message":"MongoDB Connected: localhost","timestamp":"2025-06-01T05:18:46.049Z"}
{"level":"error","message":"TypeError: user.getSignedJwtToken is not a function\n    at sendTokenResponse (C:\\Users\\Credoit_04\\Desktop\\Inventory Management\\backend\\controllers\\authController.js:64:22)\n    at C:\\Users\\Credoit_04\\Desktop\\Inventory Management\\backend\\controllers\\authController.js:48:3","timestamp":"2025-06-01T05:19:28.935Z"}
{"level":"error","message":"TypeError: user.getSignedJwtToken is not a function\n    at sendTokenResponse (C:\\Users\\Credoit_04\\Desktop\\Inventory Management\\backend\\controllers\\authController.js:64:22)\n    at C:\\Users\\Credoit_04\\Desktop\\Inventory Management\\backend\\controllers\\authController.js:48:3","timestamp":"2025-06-01T05:22:12.899Z"}
{"level":"error","message":"TypeError: user.getSignedJwtToken is not a function\n    at sendTokenResponse (C:\\Users\\Credoit_04\\Desktop\\Inventory Management\\backend\\controllers\\authController.js:64:22)\n    at C:\\Users\\Credoit_04\\Desktop\\Inventory Management\\backend\\controllers\\authController.js:48:3","timestamp":"2025-06-01T05:22:14.709Z"}
{"level":"error","message":"TypeError: user.getSignedJwtToken is not a function\n    at sendTokenResponse (C:\\Users\\Credoit_04\\Desktop\\Inventory Management\\backend\\controllers\\authController.js:64:22)\n    at C:\\Users\\Credoit_04\\Desktop\\Inventory Management\\backend\\controllers\\authController.js:20:3\n    at process.processTicksAndRejections (node:internal/process/task_queues:95:5)","timestamp":"2025-06-01T05:24:41.656Z"}
{"level":"error","message":"MongoServerError: E11000 duplicate key error collection: inventorydb.users index: email_1 dup key: { email: \"admin123@example.com\" }\n    at C:\\Users\\Credoit_04\\Desktop\\Inventory Management\\backend\\node_modules\\mongodb\\lib\\operations\\insert.js:50:33\n    at C:\\Users\\Credoit_04\\Desktop\\Inventory Management\\backend\\node_modules\\mongodb\\lib\\operations\\command.js:84:64\n    at process.processTicksAndRejections (node:internal/process/task_queues:95:5)","timestamp":"2025-06-01T05:26:49.403Z"}
{"level":"error","message":"MongoServerError: E11000 duplicate key error collection: inventorydb.users index: email_1 dup key: { email: \"admin123@example.com\" }\n    at C:\\Users\\Credoit_04\\Desktop\\Inventory Management\\backend\\node_modules\\mongodb\\lib\\operations\\insert.js:50:33\n    at C:\\Users\\Credoit_04\\Desktop\\Inventory Management\\backend\\node_modules\\mongodb\\lib\\operations\\command.js:84:64\n    at process.processTicksAndRejections (node:internal/process/task_queues:95:5)","timestamp":"2025-06-01T05:27:08.058Z"}
{"level":"error","message":"MongoServerError: E11000 duplicate key error collection: inventorydb.users index: email_1 dup key: { email: \"admin123@example.com\" }\n    at C:\\Users\\Credoit_04\\Desktop\\Inventory Management\\backend\\node_modules\\mongodb\\lib\\operations\\insert.js:50:33\n    at C:\\Users\\Credoit_04\\Desktop\\Inventory Management\\backend\\node_modules\\mongodb\\lib\\operations\\command.js:84:64\n    at process.processTicksAndRejections (node:internal/process/task_queues:95:5)","timestamp":"2025-06-01T05:27:19.474Z"}
{"level":"error","message":"TypeError: user.getSignedJwtToken is not a function\n    at sendTokenResponse (C:\\Users\\Credoit_04\\Desktop\\Inventory Management\\backend\\controllers\\authController.js:64:22)\n    at C:\\Users\\Credoit_04\\Desktop\\Inventory Management\\backend\\controllers\\authController.js:20:3\n    at process.processTicksAndRejections (node:internal/process/task_queues:95:5)","timestamp":"2025-06-01T05:27:34.037Z"}
{"level":"info","message":"Server running in undefined mode on port 5000","timestamp":"2025-06-01T05:36:23.351Z"}
{"level":"info","message":"MongoDB Connected: localhost","timestamp":"2025-06-01T05:36:23.371Z"}
{"level":"error","message":"MongoServerError: E11000 duplicate key error collection: inventorydb.users index: email_1 dup key: { email: \"admin1234@example.com\" }\n    at C:\\Users\\Credoit_04\\Desktop\\Inventory Management\\backend\\node_modules\\mongodb\\lib\\operations\\insert.js:50:33\n    at C:\\Users\\Credoit_04\\Desktop\\Inventory Management\\backend\\node_modules\\mongodb\\lib\\operations\\command.js:84:64\n    at process.processTicksAndRejections (node:internal/process/task_queues:95:5)","timestamp":"2025-06-01T05:36:55.436Z"}
{"level":"error","message":"Error: secretOrPrivateKey must have a value\n    at module.exports [as sign] (C:\\Users\\Credoit_04\\Desktop\\Inventory Management\\backend\\node_modules\\jsonwebtoken\\sign.js:111:20)\n    at userSchema.methods.getSignedJwtToken (C:\\Users\\Credoit_04\\Desktop\\Inventory Management\\backend\\models\\User.js:48:14)\n    at sendTokenResponse (C:\\Users\\Credoit_04\\Desktop\\Inventory Management\\backend\\controllers\\authController.js:58:22)\n    at C:\\Users\\Credoit_04\\Desktop\\Inventory Management\\backend\\controllers\\authController.js:18:3\n    at process.processTicksAndRejections (node:internal/process/task_queues:95:5)","timestamp":"2025-06-01T05:37:04.585Z"}
{"level":"error","message":"MongoServerError: E11000 duplicate key error collection: inventorydb.users index: email_1 dup key: { email: \"admin12@example.com\" }\n    at C:\\Users\\Credoit_04\\Desktop\\Inventory Management\\backend\\node_modules\\mongodb\\lib\\operations\\insert.js:50:33\n    at C:\\Users\\Credoit_04\\Desktop\\Inventory Management\\backend\\node_modules\\mongodb\\lib\\operations\\command.js:84:64\n    at process.processTicksAndRejections (node:internal/process/task_queues:95:5)","timestamp":"2025-06-01T05:51:41.243Z"}
{"level":"error","message":"Error: secretOrPrivateKey must have a value\n    at module.exports [as sign] (C:\\Users\\Credoit_04\\Desktop\\Inventory Management\\backend\\node_modules\\jsonwebtoken\\sign.js:111:20)\n    at userSchema.methods.getSignedJwtToken (C:\\Users\\Credoit_04\\Desktop\\Inventory Management\\backend\\models\\User.js:48:14)\n    at sendTokenResponse (C:\\Users\\Credoit_04\\Desktop\\Inventory Management\\backend\\controllers\\authController.js:58:22)\n    at C:\\Users\\Credoit_04\\Desktop\\Inventory Management\\backend\\controllers\\authController.js:18:3\n    at process.processTicksAndRejections (node:internal/process/task_queues:95:5)","timestamp":"2025-06-01T05:51:48.824Z"}
{"level":"error","message":"MongoServerError: E11000 duplicate key error collection: inventorydb.users index: email_1 dup key: { email: \"admin1@example.com\" }\n    at C:\\Users\\Credoit_04\\Desktop\\Inventory Management\\backend\\node_modules\\mongodb\\lib\\operations\\insert.js:50:33\n    at C:\\Users\\Credoit_04\\Desktop\\Inventory Management\\backend\\node_modules\\mongodb\\lib\\operations\\command.js:84:64\n    at process.processTicksAndRejections (node:internal/process/task_queues:95:5)","timestamp":"2025-06-01T05:53:12.295Z"}
{"level":"error","message":"Error: secretOrPrivateKey must have a value\n    at module.exports [as sign] (C:\\Users\\Credoit_04\\Desktop\\Inventory Management\\backend\\node_modules\\jsonwebtoken\\sign.js:111:20)\n    at userSchema.methods.getSignedJwtToken (C:\\Users\\Credoit_04\\Desktop\\Inventory Management\\backend\\models\\User.js:48:14)\n    at sendTokenResponse (C:\\Users\\Credoit_04\\Desktop\\Inventory Management\\backend\\controllers\\authController.js:58:22)\n    at C:\\Users\\Credoit_04\\Desktop\\Inventory Management\\backend\\controllers\\authController.js:18:3\n    at process.processTicksAndRejections (node:internal/process/task_queues:95:5)","timestamp":"2025-06-01T05:53:23.747Z"}
{"level":"error","message":"Error: secretOrPrivateKey must have a value\n    at module.exports [as sign] (C:\\Users\\Credoit_04\\Desktop\\Inventory Management\\backend\\node_modules\\jsonwebtoken\\sign.js:111:20)\n    at userSchema.methods.getSignedJwtToken (C:\\Users\\Credoit_04\\Desktop\\Inventory Management\\backend\\models\\User.js:48:14)\n    at sendTokenResponse (C:\\Users\\Credoit_04\\Desktop\\Inventory Management\\backend\\controllers\\authController.js:58:22)\n    at C:\\Users\\Credoit_04\\Desktop\\Inventory Management\\backend\\controllers\\authController.js:43:3","timestamp":"2025-06-01T05:53:32.847Z"}
{"level":"error","message":"Error: secretOrPrivateKey must have a value\n    at module.exports [as sign] (C:\\Users\\Credoit_04\\Desktop\\Inventory Management\\backend\\node_modules\\jsonwebtoken\\sign.js:111:20)\n    at userSchema.methods.getSignedJwtToken (C:\\Users\\Credoit_04\\Desktop\\Inventory Management\\backend\\models\\User.js:48:14)\n    at sendTokenResponse (C:\\Users\\Credoit_04\\Desktop\\Inventory Management\\backend\\controllers\\authController.js:58:22)\n    at C:\\Users\\Credoit_04\\Desktop\\Inventory Management\\backend\\controllers\\authController.js:43:3","timestamp":"2025-06-01T05:53:37.539Z"}
{"level":"info","message":"Server running in undefined mode on port 5000","timestamp":"2025-06-01T05:57:22.580Z"}
{"level":"info","message":"MongoDB Connected: localhost","timestamp":"2025-06-01T05:57:22.598Z"}
{"level":"error","message":"ReferenceError: bcrypt is not defined\n    at exports.login (C:\\Users\\Credoit_04\\Desktop\\Inventory Management\\backend\\controllers\\authController.js:46:21)\n    at process.processTicksAndRejections (node:internal/process/task_queues:95:5)","timestamp":"2025-06-01T05:57:29.595Z"}
{"level":"info","message":"Server running in undefined mode on port 5000","timestamp":"2025-06-01T05:59:19.375Z"}
{"level":"info","message":"MongoDB Connected: localhost","timestamp":"2025-06-01T05:59:19.395Z"}
{"level":"info","message":"Server running in undefined mode on port 5000","timestamp":"2025-06-01T05:59:21.436Z"}
{"level":"info","message":"MongoDB Connected: localhost","timestamp":"2025-06-01T05:59:21.457Z"}
{"level":"error","message":"Error: Not authorized to access this route\n    at exports.protect (C:\\Users\\Credoit_04\\Desktop\\Inventory Management\\backend\\middlewares\\auth.js:16:17)\n    at Layer.handle [as handle_request] (C:\\Users\\Credoit_04\\Desktop\\Inventory Management\\backend\\node_modules\\express\\lib\\router\\layer.js:95:5)\n    at next (C:\\Users\\Credoit_04\\Desktop\\Inventory Management\\backend\\node_modules\\express\\lib\\router\\route.js:149:13)\n    at next (C:\\Users\\Credoit_04\\Desktop\\Inventory Management\\backend\\node_modules\\express\\lib\\router\\route.js:145:7)\n    at Route.dispatch (C:\\Users\\Credoit_04\\Desktop\\Inventory Management\\backend\\node_modules\\express\\lib\\router\\route.js:119:3)\n    at Layer.handle [as handle_request] (C:\\Users\\Credoit_04\\Desktop\\Inventory Management\\backend\\node_modules\\express\\lib\\router\\layer.js:95:5)\n    at C:\\Users\\Credoit_04\\Desktop\\Inventory Management\\backend\\node_modules\\express\\lib\\router\\index.js:284:15\n    at Function.process_params (C:\\Users\\Credoit_04\\Desktop\\Inventory Management\\backend\\node_modules\\express\\lib\\router\\index.js:346:12)\n    at next (C:\\Users\\Credoit_04\\Desktop\\Inventory Management\\backend\\node_modules\\express\\lib\\router\\index.js:280:10)\n    at Function.handle (C:\\Users\\Credoit_04\\Desktop\\Inventory Management\\backend\\node_modules\\express\\lib\\router\\index.js:175:3)","timestamp":"2025-06-01T06:08:38.903Z"}
{"level":"info","message":"Server running in undefined mode on port 5000","timestamp":"2025-06-01T06:30:05.975Z"}
{"level":"info","message":"MongoDB Connected: localhost","timestamp":"2025-06-01T06:30:06.038Z"}
{"level":"info","message":"Server running in undefined mode on port 5000","timestamp":"2025-06-01T06:30:08.523Z"}
{"level":"info","message":"MongoDB Connected: localhost","timestamp":"2025-06-01T06:30:08.565Z"}
{"level":"info","message":"Server running in undefined mode on port 5000","timestamp":"2025-06-01T06:32:23.053Z"}
{"level":"info","message":"MongoDB Connected: localhost","timestamp":"2025-06-01T06:32:23.100Z"}
{"level":"info","message":"Server running in undefined mode on port 5000","timestamp":"2025-06-01T06:48:18.505Z"}
{"level":"info","message":"MongoDB Connected: localhost","timestamp":"2025-06-01T06:48:18.586Z"}
{"level":"error","message":"TypeError: Cannot read properties of undefined (reading 'toString')\n    at C:\\Users\\Credoit_04\\Desktop\\Inventory Management\\backend\\controllers\\productController.js:79:20\n    at process.processTicksAndRejections (node:internal/process/task_queues:95:5)","timestamp":"2025-06-01T07:12:38.655Z"}
{"level":"error","message":"TypeError: Cannot read properties of undefined (reading 'toString')\n    at C:\\Users\\Credoit_04\\Desktop\\Inventory Management\\backend\\controllers\\productController.js:79:20\n    at process.processTicksAndRejections (node:internal/process/task_queues:95:5)","timestamp":"2025-06-01T07:13:03.932Z"}
{"level":"error","message":"TypeError: Cannot read properties of undefined (reading 'toString')\n    at C:\\Users\\Credoit_04\\Desktop\\Inventory Management\\backend\\controllers\\productController.js:79:20\n    at process.processTicksAndRejections (node:internal/process/task_queues:95:5)","timestamp":"2025-06-01T07:13:47.613Z"}
{"level":"error","message":"TypeError: Cannot read properties of undefined (reading 'toString')\n    at C:\\Users\\Credoit_04\\Desktop\\Inventory Management\\backend\\controllers\\productController.js:79:20\n    at process.processTicksAndRejections (node:internal/process/task_queues:95:5)","timestamp":"2025-06-01T07:14:27.192Z"}
{"level":"info","message":"Server running in undefined mode on port 5000","timestamp":"2025-06-01T07:16:24.528Z"}
{"level":"info","message":"MongoDB Connected: localhost","timestamp":"2025-06-01T07:16:24.566Z"}
{"level":"info","message":"Server running in undefined mode on port 5000","timestamp":"2025-06-01T07:18:11.966Z"}
{"level":"info","message":"MongoDB Connected: localhost","timestamp":"2025-06-01T07:18:11.999Z"}
{"level":"info","message":"Server running in undefined mode on port 5000","timestamp":"2025-06-01T07:18:26.638Z"}
{"level":"info","message":"MongoDB Connected: localhost","timestamp":"2025-06-01T07:18:26.682Z"}
{"level":"info","message":"Server running in undefined mode on port 5000","timestamp":"2025-06-01T08:14:09.670Z"}
{"level":"info","message":"MongoDB Connected: localhost","timestamp":"2025-06-01T08:14:09.708Z"}
{"level":"info","message":"Server running in undefined mode on port 5000","timestamp":"2025-06-01T12:55:35.884Z"}
{"level":"info","message":"Server running in undefined mode on port 5000","timestamp":"2025-06-01T12:55:37.401Z"}
{"level":"info","message":"MongoDB Connected: ac-kh3s25l-shard-00-00.3jke2ts.mongodb.net","timestamp":"2025-06-01T12:55:38.004Z"}
{"level":"info","message":"Server running in undefined mode on port 5000","timestamp":"2025-06-01T12:55:50.253Z"}
{"level":"info","message":"MongoDB Connected: ac-kh3s25l-shard-00-00.3jke2ts.mongodb.net","timestamp":"2025-06-01T12:55:50.875Z"}
{"level":"info","message":"Server running in undefined mode on port 5000","timestamp":"2025-06-01T12:56:35.299Z"}
{"level":"info","message":"MongoDB Connected: ac-kh3s25l-shard-00-00.3jke2ts.mongodb.net","timestamp":"2025-06-01T12:56:36.632Z"}
{"level":"info","message":"Server running in undefined mode on port 5000","timestamp":"2025-06-01T12:56:47.337Z"}
{"level":"info","message":"MongoDB Connected: ac-kh3s25l-shard-00-00.3jke2ts.mongodb.net","timestamp":"2025-06-01T12:56:48.078Z"}
